{"C:\\Users\\vicab\\Downloads\\software\\chat\\public\\js\\app.js": {"path":"C:\\Users\\vicab\\Downloads\\software\\chat\\public\\js\\app.js","statementMap":{"0":{"start":{"line":3,"column":8},"end":{"line":3,"column":29}},"1":{"start":{"line":4,"column":8},"end":{"line":4,"column":33}},"2":{"start":{"line":5,"column":8},"end":{"line":5,"column":29}},"3":{"start":{"line":6,"column":8},"end":{"line":6,"column":29}},"4":{"start":{"line":7,"column":8},"end":{"line":7,"column":29}},"5":{"start":{"line":8,"column":8},"end":{"line":8,"column":30}},"6":{"start":{"line":9,"column":8},"end":{"line":9,"column":32}},"7":{"start":{"line":10,"column":8},"end":{"line":10,"column":31}},"8":{"start":{"line":12,"column":8},"end":{"line":12,"column":52}},"9":{"start":{"line":13,"column":8},"end":{"line":13,"column":38}},"10":{"start":{"line":14,"column":8},"end":{"line":17,"column":11}},"11":{"start":{"line":21,"column":8},"end":{"line":21,"column":61}},"12":{"start":{"line":22,"column":8},"end":{"line":22,"column":68}},"13":{"start":{"line":23,"column":8},"end":{"line":23,"column":61}},"14":{"start":{"line":24,"column":8},"end":{"line":24,"column":61}},"15":{"start":{"line":25,"column":8},"end":{"line":25,"column":57}},"16":{"start":{"line":26,"column":8},"end":{"line":26,"column":63}},"17":{"start":{"line":27,"column":8},"end":{"line":27,"column":74}},"18":{"start":{"line":28,"column":8},"end":{"line":28,"column":64}},"19":{"start":{"line":30,"column":8},"end":{"line":32,"column":11}},"20":{"start":{"line":31,"column":12},"end":{"line":31,"column":35}},"21":{"start":{"line":34,"column":8},"end":{"line":34,"column":77}},"22":{"start":{"line":35,"column":8},"end":{"line":35,"column":86}},"23":{"start":{"line":36,"column":8},"end":{"line":36,"column":78}},"24":{"start":{"line":41,"column":8},"end":{"line":57,"column":9}},"25":{"start":{"line":42,"column":12},"end":{"line":42,"column":35}},"26":{"start":{"line":43,"column":12},"end":{"line":43,"column":36}},"27":{"start":{"line":44,"column":12},"end":{"line":44,"column":42}},"28":{"start":{"line":46,"column":28},"end":{"line":46,"column":59}},"29":{"start":{"line":47,"column":12},"end":{"line":55,"column":15}},"30":{"start":{"line":56,"column":12},"end":{"line":56,"column":44}},"31":{"start":{"line":62,"column":8},"end":{"line":62,"column":43}},"32":{"start":{"line":64,"column":8},"end":{"line":64,"column":31}},"33":{"start":{"line":66,"column":8},"end":{"line":66,"column":32}},"34":{"start":{"line":68,"column":26},"end":{"line":68,"column":47}},"35":{"start":{"line":69,"column":8},"end":{"line":99,"column":9}},"36":{"start":{"line":70,"column":12},"end":{"line":70,"column":57}},"37":{"start":{"line":71,"column":29},"end":{"line":71,"column":53}},"38":{"start":{"line":72,"column":27},"end":{"line":72,"column":55}},"39":{"start":{"line":74,"column":12},"end":{"line":96,"column":13}},"40":{"start":{"line":75,"column":16},"end":{"line":75,"column":64}},"41":{"start":{"line":77,"column":35},"end":{"line":83,"column":35}},"42":{"start":{"line":77,"column":53},"end":{"line":83,"column":25}},"43":{"start":{"line":86,"column":16},"end":{"line":92,"column":19}},"44":{"start":{"line":93,"column":16},"end":{"line":93,"column":51}},"45":{"start":{"line":95,"column":16},"end":{"line":95,"column":79}},"46":{"start":{"line":104,"column":8},"end":{"line":115,"column":9}},"47":{"start":{"line":105,"column":29},"end":{"line":105,"column":83}},"48":{"start":{"line":106,"column":12},"end":{"line":111,"column":13}},"49":{"start":{"line":107,"column":16},"end":{"line":107,"column":58}},"50":{"start":{"line":108,"column":16},"end":{"line":108,"column":37}},"51":{"start":{"line":110,"column":16},"end":{"line":110,"column":111}},"52":{"start":{"line":113,"column":12},"end":{"line":113,"column":33}},"53":{"start":{"line":114,"column":12},"end":{"line":114,"column":24}},"54":{"start":{"line":120,"column":8},"end":{"line":126,"column":9}},"55":{"start":{"line":121,"column":29},"end":{"line":121,"column":70}},"56":{"start":{"line":122,"column":12},"end":{"line":122,"column":33}},"57":{"start":{"line":124,"column":12},"end":{"line":124,"column":33}},"58":{"start":{"line":125,"column":12},"end":{"line":125,"column":24}},"59":{"start":{"line":131,"column":8},"end":{"line":137,"column":9}},"60":{"start":{"line":132,"column":29},"end":{"line":132,"column":82}},"61":{"start":{"line":133,"column":12},"end":{"line":133,"column":33}},"62":{"start":{"line":135,"column":12},"end":{"line":135,"column":33}},"63":{"start":{"line":136,"column":12},"end":{"line":136,"column":24}},"64":{"start":{"line":142,"column":8},"end":{"line":142,"column":43}},"65":{"start":{"line":143,"column":8},"end":{"line":143,"column":51}},"66":{"start":{"line":152,"column":23},"end":{"line":152,"column":46}},"67":{"start":{"line":153,"column":25},"end":{"line":153,"column":49}},"68":{"start":{"line":154,"column":8},"end":{"line":159,"column":9}},"69":{"start":{"line":155,"column":12},"end":{"line":155,"column":70}},"70":{"start":{"line":157,"column":12},"end":{"line":157,"column":79}},"71":{"start":{"line":158,"column":12},"end":{"line":158,"column":77}},"72":{"start":{"line":164,"column":21},"end":{"line":164,"column":45}},"73":{"start":{"line":165,"column":25},"end":{"line":165,"column":49}},"74":{"start":{"line":166,"column":19},"end":{"line":166,"column":27}},"75":{"start":{"line":167,"column":23},"end":{"line":167,"column":33}},"76":{"start":{"line":169,"column":8},"end":{"line":173,"column":9}},"77":{"start":{"line":170,"column":12},"end":{"line":170,"column":63}},"78":{"start":{"line":172,"column":12},"end":{"line":172,"column":75}},"79":{"start":{"line":174,"column":8},"end":{"line":174,"column":35}},"80":{"start":{"line":175,"column":8},"end":{"line":175,"column":31}},"81":{"start":{"line":176,"column":28},"end":{"line":176,"column":44}},"82":{"start":{"line":177,"column":8},"end":{"line":177,"column":46}},"83":{"start":{"line":178,"column":8},"end":{"line":178,"column":41}},"84":{"start":{"line":180,"column":8},"end":{"line":184,"column":9}},"85":{"start":{"line":181,"column":12},"end":{"line":183,"column":15}},"86":{"start":{"line":182,"column":16},"end":{"line":182,"column":41}},"87":{"start":{"line":189,"column":8},"end":{"line":189,"column":31}},"88":{"start":{"line":191,"column":8},"end":{"line":200,"column":9}},"89":{"start":{"line":192,"column":29},"end":{"line":192,"column":55}},"90":{"start":{"line":193,"column":25},"end":{"line":193,"column":78}},"91":{"start":{"line":194,"column":12},"end":{"line":198,"column":13}},"92":{"start":{"line":195,"column":16},"end":{"line":195,"column":68}},"93":{"start":{"line":197,"column":16},"end":{"line":197,"column":79}},"94":{"start":{"line":199,"column":12},"end":{"line":199,"column":73}},"95":{"start":{"line":205,"column":8},"end":{"line":205,"column":43}},"96":{"start":{"line":206,"column":8},"end":{"line":206,"column":31}},"97":{"start":{"line":208,"column":8},"end":{"line":208,"column":61}},"98":{"start":{"line":209,"column":25},"end":{"line":209,"column":56}},"99":{"start":{"line":210,"column":21},"end":{"line":210,"column":52}},"100":{"start":{"line":211,"column":8},"end":{"line":215,"column":9}},"101":{"start":{"line":212,"column":12},"end":{"line":212,"column":64}},"102":{"start":{"line":214,"column":12},"end":{"line":214,"column":75}},"103":{"start":{"line":220,"column":8},"end":{"line":220,"column":27}},"104":{"start":{"line":221,"column":24},"end":{"line":221,"column":51}},"105":{"start":{"line":222,"column":8},"end":{"line":222,"column":41}},"106":{"start":{"line":223,"column":8},"end":{"line":223,"column":38}},"107":{"start":{"line":224,"column":23},"end":{"line":224,"column":39}},"108":{"start":{"line":225,"column":19},"end":{"line":225,"column":42}},"109":{"start":{"line":227,"column":25},"end":{"line":227,"column":49}},"110":{"start":{"line":228,"column":21},"end":{"line":228,"column":57}},"111":{"start":{"line":229,"column":8},"end":{"line":233,"column":9}},"112":{"start":{"line":230,"column":12},"end":{"line":230,"column":62}},"113":{"start":{"line":232,"column":12},"end":{"line":232,"column":75}},"114":{"start":{"line":234,"column":8},"end":{"line":234,"column":66}},"115":{"start":{"line":238,"column":24},"end":{"line":238,"column":47}},"116":{"start":{"line":239,"column":8},"end":{"line":252,"column":9}},"117":{"start":{"line":240,"column":29},"end":{"line":240,"column":40}},"118":{"start":{"line":241,"column":30},"end":{"line":241,"column":42}},"119":{"start":{"line":242,"column":26},"end":{"line":250,"column":15}},"120":{"start":{"line":251,"column":14},"end":{"line":251,"column":73}},"121":{"start":{"line":260,"column":0},"end":{"line":260,"column":27}}},"fnMap":{"0":{"name":"(anonymous_0)","decl":{"start":{"line":2,"column":4},"end":{"line":2,"column":5}},"loc":{"start":{"line":2,"column":18},"end":{"line":18,"column":5}},"line":2},"1":{"name":"(anonymous_1)","decl":{"start":{"line":20,"column":4},"end":{"line":20,"column":5}},"loc":{"start":{"line":20,"column":17},"end":{"line":37,"column":5}},"line":20},"2":{"name":"(anonymous_2)","decl":{"start":{"line":30,"column":48},"end":{"line":30,"column":49}},"loc":{"start":{"line":30,"column":65},"end":{"line":32,"column":9}},"line":30},"3":{"name":"(anonymous_3)","decl":{"start":{"line":39,"column":4},"end":{"line":39,"column":5}},"loc":{"start":{"line":39,"column":26},"end":{"line":58,"column":5}},"line":39},"4":{"name":"(anonymous_4)","decl":{"start":{"line":60,"column":4},"end":{"line":60,"column":5}},"loc":{"start":{"line":60,"column":22},"end":{"line":100,"column":5}},"line":60},"5":{"name":"(anonymous_5)","decl":{"start":{"line":77,"column":45},"end":{"line":77,"column":46}},"loc":{"start":{"line":77,"column":53},"end":{"line":83,"column":25}},"line":77},"6":{"name":"(anonymous_6)","decl":{"start":{"line":102,"column":4},"end":{"line":102,"column":5}},"loc":{"start":{"line":102,"column":39},"end":{"line":116,"column":5}},"line":102},"7":{"name":"(anonymous_7)","decl":{"start":{"line":118,"column":4},"end":{"line":118,"column":5}},"loc":{"start":{"line":118,"column":38},"end":{"line":127,"column":5}},"line":118},"8":{"name":"(anonymous_8)","decl":{"start":{"line":129,"column":4},"end":{"line":129,"column":5}},"loc":{"start":{"line":129,"column":40},"end":{"line":138,"column":5}},"line":129},"9":{"name":"(anonymous_9)","decl":{"start":{"line":140,"column":4},"end":{"line":140,"column":5}},"loc":{"start":{"line":140,"column":22},"end":{"line":144,"column":5}},"line":140},"10":{"name":"(anonymous_10)","decl":{"start":{"line":150,"column":4},"end":{"line":150,"column":5}},"loc":{"start":{"line":150,"column":16},"end":{"line":160,"column":5}},"line":150},"11":{"name":"(anonymous_11)","decl":{"start":{"line":162,"column":4},"end":{"line":162,"column":5}},"loc":{"start":{"line":162,"column":34},"end":{"line":185,"column":5}},"line":162},"12":{"name":"(anonymous_12)","decl":{"start":{"line":181,"column":38},"end":{"line":181,"column":39}},"loc":{"start":{"line":181,"column":46},"end":{"line":183,"column":13}},"line":181},"13":{"name":"(anonymous_13)","decl":{"start":{"line":187,"column":4},"end":{"line":187,"column":5}},"loc":{"start":{"line":187,"column":65},"end":{"line":201,"column":5}},"line":187},"14":{"name":"(anonymous_14)","decl":{"start":{"line":203,"column":4},"end":{"line":203,"column":5}},"loc":{"start":{"line":203,"column":31},"end":{"line":216,"column":5}},"line":203},"15":{"name":"(anonymous_15)","decl":{"start":{"line":218,"column":4},"end":{"line":218,"column":5}},"loc":{"start":{"line":218,"column":25},"end":{"line":235,"column":5}},"line":218},"16":{"name":"(anonymous_16)","decl":{"start":{"line":237,"column":4},"end":{"line":237,"column":5}},"loc":{"start":{"line":237,"column":24},"end":{"line":253,"column":5}},"line":237}},"branchMap":{"0":{"loc":{"start":{"line":41,"column":8},"end":{"line":57,"column":9}},"type":"if","locations":[{"start":{"line":41,"column":8},"end":{"line":57,"column":9}},{"start":{},"end":{}}],"line":41},"1":{"loc":{"start":{"line":41,"column":12},"end":{"line":41,"column":69}},"type":"binary-expr","locations":[{"start":{"line":41,"column":12},"end":{"line":41,"column":17}},{"start":{"line":41,"column":21},"end":{"line":41,"column":33}},{"start":{"line":41,"column":37},"end":{"line":41,"column":69}}],"line":41},"2":{"loc":{"start":{"line":69,"column":8},"end":{"line":99,"column":9}},"type":"if","locations":[{"start":{"line":69,"column":8},"end":{"line":99,"column":9}},{"start":{},"end":{}}],"line":69},"3":{"loc":{"start":{"line":106,"column":12},"end":{"line":111,"column":13}},"type":"if","locations":[{"start":{"line":106,"column":12},"end":{"line":111,"column":13}},{"start":{"line":109,"column":19},"end":{"line":111,"column":13}}],"line":106},"4":{"loc":{"start":{"line":106,"column":16},"end":{"line":106,"column":41}},"type":"binary-expr","locations":[{"start":{"line":106,"column":16},"end":{"line":106,"column":24}},{"start":{"line":106,"column":28},"end":{"line":106,"column":41}}],"line":106},"5":{"loc":{"start":{"line":154,"column":8},"end":{"line":159,"column":9}},"type":"if","locations":[{"start":{"line":154,"column":8},"end":{"line":159,"column":9}},{"start":{"line":156,"column":15},"end":{"line":159,"column":9}}],"line":154},"6":{"loc":{"start":{"line":154,"column":12},"end":{"line":154,"column":54}},"type":"binary-expr","locations":[{"start":{"line":154,"column":12},"end":{"line":154,"column":32}},{"start":{"line":154,"column":36},"end":{"line":154,"column":54}}],"line":154},"7":{"loc":{"start":{"line":180,"column":8},"end":{"line":184,"column":9}},"type":"if","locations":[{"start":{"line":180,"column":8},"end":{"line":184,"column":9}},{"start":{},"end":{}}],"line":180},"8":{"loc":{"start":{"line":187,"column":24},"end":{"line":187,"column":45}},"type":"default-arg","locations":[{"start":{"line":187,"column":41},"end":{"line":187,"column":45}}],"line":187},"9":{"loc":{"start":{"line":187,"column":47},"end":{"line":187,"column":63}},"type":"default-arg","locations":[{"start":{"line":187,"column":59},"end":{"line":187,"column":63}}],"line":187},"10":{"loc":{"start":{"line":191,"column":8},"end":{"line":200,"column":9}},"type":"if","locations":[{"start":{"line":191,"column":8},"end":{"line":200,"column":9}},{"start":{},"end":{}}],"line":191},"11":{"loc":{"start":{"line":191,"column":12},"end":{"line":191,"column":121}},"type":"binary-expr","locations":[{"start":{"line":191,"column":12},"end":{"line":191,"column":30}},{"start":{"line":191,"column":34},"end":{"line":191,"column":57}},{"start":{"line":191,"column":61},"end":{"line":191,"column":89}},{"start":{"line":191,"column":93},"end":{"line":191,"column":121}}],"line":191},"12":{"loc":{"start":{"line":239,"column":8},"end":{"line":252,"column":9}},"type":"if","locations":[{"start":{"line":239,"column":8},"end":{"line":252,"column":9}},{"start":{},"end":{}}],"line":239},"13":{"loc":{"start":{"line":239,"column":12},"end":{"line":239,"column":47}},"type":"binary-expr","locations":[{"start":{"line":239,"column":12},"end":{"line":239,"column":30}},{"start":{"line":239,"column":34},"end":{"line":239,"column":47}}],"line":239},"14":{"loc":{"start":{"line":244,"column":45},"end":{"line":244,"column":92}},"type":"cond-expr","locations":[{"start":{"line":244,"column":74},"end":{"line":244,"column":86}},{"start":{"line":244,"column":89},"end":{"line":244,"column":92}}],"line":244},"15":{"loc":{"start":{"line":248,"column":54},"end":{"line":248,"column":102}},"type":"cond-expr","locations":[{"start":{"line":248,"column":83},"end":{"line":248,"column":96}},{"start":{"line":248,"column":99},"end":{"line":248,"column":102}}],"line":248},"16":{"loc":{"start":{"line":248,"column":125},"end":{"line":248,"column":171}},"type":"cond-expr","locations":[{"start":{"line":248,"column":153},"end":{"line":248,"column":157}},{"start":{"line":248,"column":160},"end":{"line":248,"column":171}}],"line":248}},"s":{"0":19,"1":19,"2":19,"3":19,"4":19,"5":19,"6":19,"7":19,"8":19,"9":19,"10":19,"11":8,"12":8,"13":8,"14":8,"15":8,"16":8,"17":8,"18":8,"19":8,"20":0,"21":8,"22":8,"23":8,"24":0,"25":0,"26":0,"27":0,"28":0,"29":0,"30":0,"31":0,"32":0,"33":0,"34":0,"35":0,"36":0,"37":0,"38":0,"39":0,"40":0,"41":0,"42":0,"43":0,"44":0,"45":0,"46":5,"47":5,"48":5,"49":5,"50":5,"51":0,"52":0,"53":0,"54":3,"55":3,"56":3,"57":0,"58":0,"59":4,"60":4,"61":4,"62":0,"63":0,"64":2,"65":2,"66":3,"67":3,"68":3,"69":0,"70":3,"71":3,"72":1,"73":1,"74":1,"75":1,"76":1,"77":1,"78":0,"79":1,"80":1,"81":1,"82":1,"83":1,"84":1,"85":1,"86":2,"87":1,"88":1,"89":1,"90":1,"91":1,"92":1,"93":0,"94":1,"95":1,"96":1,"97":1,"98":1,"99":1,"100":1,"101":1,"102":0,"103":1,"104":1,"105":1,"106":1,"107":1,"108":1,"109":1,"110":1,"111":1,"112":1,"113":0,"114":1,"115":4,"116":4,"117":3,"118":3,"119":3,"120":3,"121":1},"f":{"0":19,"1":8,"2":0,"3":0,"4":0,"5":0,"6":5,"7":3,"8":4,"9":2,"10":3,"11":1,"12":2,"13":1,"14":1,"15":1,"16":4},"b":{"0":[0,0],"1":[0,0,0],"2":[0,0],"3":[5,0],"4":[5,5],"5":[0,3],"6":[3,3],"7":[1,0],"8":[0],"9":[0],"10":[1,0],"11":[1,1,1,1],"12":[3,1],"13":[4,3],"14":[2,1],"15":[2,1],"16":[0,3]},"_coverageSchema":"1a1c01bbd47fc00a2c39e90264f33305004495a9","hash":"d25ec8cc988375aac8d5eaaed21419507db66f9f"}
}
