TN:
SF:public\js\app.js
FN:2,(anonymous_0)
FN:20,(anonymous_1)
FN:30,(anonymous_2)
FN:39,(anonymous_3)
FN:60,(anonymous_4)
FN:77,(anonymous_5)
FN:102,(anonymous_6)
FN:118,(anonymous_7)
FN:129,(anonymous_8)
FN:140,(anonymous_9)
FN:150,(anonymous_10)
FN:162,(anonymous_11)
FN:181,(anonymous_12)
FN:187,(anonymous_13)
FN:203,(anonymous_14)
FN:218,(anonymous_15)
FN:237,(anonymous_16)
FNF:17
FNH:13
FNDA:19,(anonymous_0)
FNDA:8,(anonymous_1)
FNDA:0,(anonymous_2)
FNDA:0,(anonymous_3)
FNDA:0,(anonymous_4)
FNDA:0,(anonymous_5)
FNDA:5,(anonymous_6)
FNDA:3,(anonymous_7)
FNDA:4,(anonymous_8)
FNDA:2,(anonymous_9)
FNDA:3,(anonymous_10)
FNDA:1,(anonymous_11)
FNDA:2,(anonymous_12)
FNDA:1,(anonymous_13)
FNDA:1,(anonymous_14)
FNDA:1,(anonymous_15)
FNDA:4,(anonymous_16)
DA:3,19
DA:4,19
DA:5,19
DA:6,19
DA:7,19
DA:8,19
DA:9,19
DA:10,19
DA:12,19
DA:13,19
DA:14,19
DA:21,8
DA:22,8
DA:23,8
DA:24,8
DA:25,8
DA:26,8
DA:27,8
DA:28,8
DA:30,8
DA:31,0
DA:34,8
DA:35,8
DA:36,8
DA:41,0
DA:42,0
DA:43,0
DA:44,0
DA:46,0
DA:47,0
DA:56,0
DA:62,0
DA:64,0
DA:66,0
DA:68,0
DA:69,0
DA:70,0
DA:71,0
DA:72,0
DA:74,0
DA:75,0
DA:77,0
DA:86,0
DA:93,0
DA:95,0
DA:104,5
DA:105,5
DA:106,5
DA:107,5
DA:108,5
DA:110,0
DA:113,0
DA:114,0
DA:120,3
DA:121,3
DA:122,3
DA:124,0
DA:125,0
DA:131,4
DA:132,4
DA:133,4
DA:135,0
DA:136,0
DA:142,2
DA:143,2
DA:152,3
DA:153,3
DA:154,3
DA:155,0
DA:157,3
DA:158,3
DA:164,1
DA:165,1
DA:166,1
DA:167,1
DA:169,1
DA:170,1
DA:172,0
DA:174,1
DA:175,1
DA:176,1
DA:177,1
DA:178,1
DA:180,1
DA:181,1
DA:182,2
DA:189,1
DA:191,1
DA:192,1
DA:193,1
DA:194,1
DA:195,1
DA:197,0
DA:199,1
DA:205,1
DA:206,1
DA:208,1
DA:209,1
DA:210,1
DA:211,1
DA:212,1
DA:214,0
DA:220,1
DA:221,1
DA:222,1
DA:223,1
DA:224,1
DA:225,1
DA:227,1
DA:228,1
DA:229,1
DA:230,1
DA:232,0
DA:234,1
DA:238,4
DA:239,4
DA:240,3
DA:241,3
DA:242,3
DA:251,3
DA:260,1
LF:121
LH:87
BRDA:41,0,0,0
BRDA:41,0,1,0
BRDA:41,1,0,0
BRDA:41,1,1,0
BRDA:41,1,2,0
BRDA:69,2,0,0
BRDA:69,2,1,0
BRDA:106,3,0,5
BRDA:106,3,1,0
BRDA:106,4,0,5
BRDA:106,4,1,5
BRDA:154,5,0,0
BRDA:154,5,1,3
BRDA:154,6,0,3
BRDA:154,6,1,3
BRDA:180,7,0,1
BRDA:180,7,1,0
BRDA:187,8,0,0
BRDA:187,9,0,0
BRDA:191,10,0,1
BRDA:191,10,1,0
BRDA:191,11,0,1
BRDA:191,11,1,1
BRDA:191,11,2,1
BRDA:191,11,3,1
BRDA:239,12,0,3
BRDA:239,12,1,1
BRDA:239,13,0,4
BRDA:239,13,1,3
BRDA:244,14,0,2
BRDA:244,14,1,1
BRDA:248,15,0,2
BRDA:248,15,1,1
BRDA:248,16,0,0
BRDA:248,16,1,3
BRF:35
BRH:21
end_of_record
